<?xml version="1.0" encoding="UTF-8"?>
<!-- Generated by org.testng.reporters.JUnitReportReporter -->
<testsuite hostname="AOL0087" name="com.qa.testcases.LoginPageTest" tests="3" failures="0" timestamp="17 May 2019 04:28:24 GMT" time="32.374" errors="0">
  <testcase name="testLogin1" time="4.788" classname="com.qa.testcases.LoginPageTest"/>
  <testcase name="testLogin1" time="6.196" classname="com.qa.testcases.LoginPageTest"/>
  <testcase name="testLogin" time="21.390" classname="com.qa.testcases.LoginPageTest"/>
</testsuite> <!-- com.qa.testcases.LoginPageTest -->
