<?xml version="1.0" encoding="UTF-8"?>
<!-- Generated by org.testng.reporters.JUnitReportReporter -->
<testsuite skipped="0" hostname="AOL0087" name="com.facebook.tests.LoginTest2" tests="1" failures="0" timestamp="16 May 2019 06:44:47 GMT" time="16.051" errors="0">
  <testcase name="verifyLogin" time="16.051" classname="com.facebook.tests.LoginTest2"/>
</testsuite> <!-- com.facebook.tests.LoginTest2 -->
