<?xml version="1.0" encoding="UTF-8"?>
<!-- Generated by org.testng.reporters.JUnitReportReporter -->
<testsuite skipped="0" hostname="AOL0087" name="com.facebook.tests.LoginTest" tests="1" failures="0" timestamp="16 May 2019 06:40:00 GMT" time="13.824" errors="0">
  <testcase name="verifyLogin" time="13.824" classname="com.facebook.tests.LoginTest"/>
</testsuite> <!-- com.facebook.tests.LoginTest -->
